<?xml version="1.0" encoding="UTF-8"?>
<!-- Generated by org.testng.reporters.JUnitReportReporter -->
<testsuite hostname="VPCOG1639" name="com.oup.com.oupinterview.test" tests="1" failures="0" timestamp="19 Dec 2018 15:14:41 GMT" time="0.094" errors="0">
  <testcase name="hello" time="0.094" classname="com.oup.com.oupinterview.test"/>
</testsuite>
